<?xml version="1.0" encoding="UTF-8"?>
<testsuite name="Driver" time="0.046" tests="16" errors="0" skipped="0" failures="2">
  <properties>
[...]
</properties>
  <testcase name="Given I have first 10 and second 20 number" classname="| 10 | 20 | 30 |" time="0.003"/>
  <testcase name="When I perform addition operation" classname="| 10 | 20 | 30 |" time="0"/>
  <testcase name="Then I should get correct 30 result" classname="| 10 | 20 | 30 |" time="0"/>
  <testcase name="| 10 | 20 | 30 |" classname="| 10 | 20 | 30 |" time="0"/>
  <testcase name="Given I have first 100 and second 200 number" classname="| 100 | 200 | 300 |" time="0"/>
  <testcase name="When I perform addition operation" classname="| 100 | 200 | 300 |" time="0"/>
  <testcase name="Then I should get correct 300 result" classname="| 100 | 200 | 300 |" time="0"/>
  <testcase name="| 100 | 200 | 300 |" classname="| 100 | 200 | 300 |" time="0"/>
  <testcase name="Given I have first 20 and second 30 number" classname="| 20 | 30 | 500 |" time="0"/>
  <testcase name="When I perform addition operation" classname="| 20 | 30 | 500 |" time="0"/>
  <testcase name="Then I should get correct 500 result" classname="| 20 | 30 | 500 |" time="0.019">
    <failure type="java.lang.AssertionError:">java.lang.AssertionError: null
	at org.junit.Assert.fail(Assert.java:86)
	at org.junit.Assert.assertTrue(Assert.java:41)
	at org.junit.Assert.assertTrue(Assert.java:52)
	at StepDefinations.i_should_get_correct_result(StepDefinations.java:27)
	at ✽.Then I should get correct 500 result(features/MathOperations.feature:6)
</failure>
  </testcase>
  <testcase name="| 20 | 30 | 500 |" classname="| 20 | 30 | 500 |" time="0.024">
    <failure type="java.lang.AssertionError:">java.lang.AssertionError: null
	at org.junit.Assert.fail(Assert.java:86)
	at org.junit.Assert.assertTrue(Assert.java:41)
	at org.junit.Assert.assertTrue(Assert.java:52)
	at StepDefinations.i_should_get_correct_result(StepDefinations.java:27)
	at ✽.Then I should get correct 500 result(features/MathOperations.feature:6)
</failure>
  </testcase>
  <testcase name="Given I have first 200 and second 300 number" classname="| 200 | 300 | 500 |" time="0"/>
  <testcase name="When I perform addition operation" classname="| 200 | 300 | 500 |" time="0"/>
  <testcase name="Then I should get correct 500 result" classname="| 200 | 300 | 500 |" time="0"/>
  <testcase name="| 200 | 300 | 500 |" classname="| 200 | 300 | 500 |" time="0"/>
</testsuite>